{"timestamp": "2026-07-20T08:34:32.394396+00:00", "level": "INFO", "logger": "aicos.retrieval", "module": "service", "message": "retrieval completed"}
{"timestamp": "2026-07-20T08:34:32.396017+00:00", "level": "INFO", "logger": "aicos.retrieval", "module": "service", "message": "retrieval completed"}
{"timestamp": "2026-07-20T08:34:32.397985+00:00", "level": "INFO", "logger": "aicos.retrieval", "module": "service", "message": "retrieval completed"}
{"timestamp": "2026-07-20T08:34:32.399079+00:00", "level": "INFO", "logger": "aicos.retrieval", "module": "service", "message": "retrieval completed"}
{"timestamp": "2026-07-20T08:34:32.399882+00:00", "level": "INFO", "logger": "aicos.retrieval", "module": "service", "message": "retrieval completed"}
{"timestamp": "2026-07-20T08:34:32.400742+00:00", "level": "INFO", "logger": "aicos.retrieval", "module": "service", "message": "retrieval completed"}
{"timestamp": "2026-07-20T08:34:32.401977+00:00", "level": "INFO", "logger": "aicos.retrieval", "module": "service", "message": "retrieval completed"}
{"timestamp": "2026-07-20T08:34:32.405281+00:00", "level": "INFO", "logger": "aicos.retrieval", "module": "service", "message": "retrieval completed"}
{"timestamp": "2026-07-20T08:34:32.406545+00:00", "level": "INFO", "logger": "aicos.retrieval", "module": "service", "message": "retrieval completed"}
{"timestamp": "2026-07-20T08:34:32.407486+00:00", "level": "INFO", "logger": "aicos.retrieval", "module": "service", "message": "retrieval completed"}
{"timestamp": "2026-07-20T08:34:36.120882+00:00", "level": "INFO", "logger": "aicos.retrieval", "module": "service", "message": "retrieval completed"}
{"timestamp": "2026-07-20T08:34:36.122056+00:00", "level": "INFO", "logger": "aicos.retrieval", "module": "service", "message": "retrieval completed"}
{"timestamp": "2026-07-20T08:34:36.125734+00:00", "level": "INFO", "logger": "aicos.retrieval", "module": "service", "message": "retrieval completed"}
{"timestamp": "2026-07-20T08:34:36.126676+00:00", "level": "INFO", "logger": "aicos.retrieval", "module": "service", "message": "retrieval completed"}
{"timestamp": "2026-07-20T08:34:36.127469+00:00", "level": "INFO", "logger": "aicos.retrieval", "module": "service", "message": "retrieval completed"}
{"timestamp": "2026-07-20T08:34:36.128106+00:00", "level": "INFO", "logger": "aicos.retrieval", "module": "service", "message": "retrieval completed"}
{"timestamp": "2026-07-20T08:34:36.128980+00:00", "level": "INFO", "logger": "aicos.retrieval", "module": "service", "message": "retrieval completed"}
{"timestamp": "2026-07-20T08:34:36.129736+00:00", "level": "INFO", "logger": "aicos.retrieval", "module": "service", "message": "retrieval completed"}
{"timestamp": "2026-07-20T08:34:36.130332+00:00", "level": "INFO", "logger": "aicos.retrieval", "module": "service", "message": "retrieval completed"}
{"timestamp": "2026-07-20T08:34:36.130968+00:00", "level": "INFO", "logger": "aicos.retrieval", "module": "service", "message": "retrieval completed"}
{"timestamp": "2026-07-20T08:56:06.173448+00:00", "level": "INFO", "logger": "aicos.retrieval", "module": "service", "message": "retrieval completed"}
{"timestamp": "2026-07-20T08:56:06.175160+00:00", "level": "INFO", "logger": "aicos.retrieval", "module": "service", "message": "retrieval completed"}
{"timestamp": "2026-07-20T08:56:06.177094+00:00", "level": "INFO", "logger": "aicos.retrieval", "module": "service", "message": "retrieval completed"}
{"timestamp": "2026-07-20T08:56:06.180649+00:00", "level": "INFO", "logger": "aicos.retrieval", "module": "service", "message": "retrieval completed"}
{"timestamp": "2026-07-20T08:56:06.181419+00:00", "level": "INFO", "logger": "aicos.retrieval", "module": "service", "message": "retrieval completed"}
{"timestamp": "2026-07-20T08:56:06.183270+00:00", "level": "INFO", "logger": "aicos.retrieval", "module": "service", "message": "retrieval completed"}
{"timestamp": "2026-07-20T08:56:06.184866+00:00", "level": "INFO", "logger": "aicos.retrieval", "module": "service", "message": "retrieval completed"}
{"timestamp": "2026-07-20T08:56:06.185872+00:00", "level": "INFO", "logger": "aicos.retrieval", "module": "service", "message": "retrieval completed"}
{"timestamp": "2026-07-20T08:56:06.186677+00:00", "level": "INFO", "logger": "aicos.retrieval", "module": "service", "message": "retrieval completed"}
{"timestamp": "2026-07-20T08:56:06.220704+00:00", "level": "INFO", "logger": "aicos.retrieval", "module": "service", "message": "retrieval completed"}
{"timestamp": "2026-07-20T08:56:06.221732+00:00", "level": "INFO", "logger": "aicos.retrieval", "module": "service", "message": "retrieval completed"}
{"timestamp": "2026-07-20T08:56:06.223012+00:00", "level": "INFO", "logger": "aicos.retrieval", "module": "service", "message": "retrieval completed"}
{"timestamp": "2026-07-20T08:56:40.059098+00:00", "level": "INFO", "logger": "aicos.retrieval", "module": "service", "message": "retrieval completed"}
{"timestamp": "2026-07-20T08:56:40.060807+00:00", "level": "INFO", "logger": "aicos.retrieval", "module": "service", "message": "retrieval completed"}
{"timestamp": "2026-07-20T08:56:40.062884+00:00", "level": "INFO", "logger": "aicos.retrieval", "module": "service", "message": "retrieval completed"}
{"timestamp": "2026-07-20T08:56:40.063587+00:00", "level": "INFO", "logger": "aicos.retrieval", "module": "service", "message": "retrieval completed"}
{"timestamp": "2026-07-20T08:56:40.065730+00:00", "level": "INFO", "logger": "aicos.retrieval", "module": "service", "message": "retrieval completed"}
{"timestamp": "2026-07-20T08:56:40.067546+00:00", "level": "INFO", "logger": "aicos.retrieval", "module": "service", "message": "retrieval completed"}
{"timestamp": "2026-07-20T08:56:40.068903+00:00", "level": "INFO", "logger": "aicos.retrieval", "module": "service", "message": "retrieval completed"}
{"timestamp": "2026-07-20T08:56:40.070030+00:00", "level": "INFO", "logger": "aicos.retrieval", "module": "service", "message": "retrieval completed"}
{"timestamp": "2026-07-20T08:56:40.071823+00:00", "level": "INFO", "logger": "aicos.retrieval", "module": "service", "message": "retrieval completed"}
{"timestamp": "2026-07-20T08:56:40.072663+00:00", "level": "INFO", "logger": "aicos.retrieval", "module": "service", "message": "retrieval completed"}
{"timestamp": "2026-07-20T08:56:40.074705+00:00", "level": "INFO", "logger": "aicos.retrieval", "module": "service", "message": "retrieval completed"}
{"timestamp": "2026-07-20T08:56:40.076111+00:00", "level": "INFO", "logger": "aicos.retrieval", "module": "service", "message": "retrieval completed"}
{"timestamp": "2026-07-20T08:56:45.804947+00:00", "level": "INFO", "logger": "aicos.retrieval", "module": "service", "message": "retrieval completed"}
{"timestamp": "2026-07-20T08:56:45.807225+00:00", "level": "INFO", "logger": "aicos.retrieval", "module": "service", "message": "retrieval completed"}
{"timestamp": "2026-07-20T08:56:45.809134+00:00", "level": "INFO", "logger": "aicos.retrieval", "module": "service", "message": "retrieval completed"}
{"timestamp": "2026-07-20T08:56:45.809730+00:00", "level": "INFO", "logger": "aicos.retrieval", "module": "service", "message": "retrieval completed"}
{"timestamp": "2026-07-20T08:56:45.810262+00:00", "level": "INFO", "logger": "aicos.retrieval", "module": "service", "message": "retrieval completed"}
{"timestamp": "2026-07-20T08:56:45.811287+00:00", "level": "INFO", "logger": "aicos.retrieval", "module": "service", "message": "retrieval completed"}
{"timestamp": "2026-07-20T08:56:45.811797+00:00", "level": "INFO", "logger": "aicos.retrieval", "module": "service", "message": "retrieval completed"}
{"timestamp": "2026-07-20T08:56:45.812674+00:00", "level": "INFO", "logger": "aicos.retrieval", "module": "service", "message": "retrieval completed"}
{"timestamp": "2026-07-20T08:56:45.813404+00:00", "level": "INFO", "logger": "aicos.retrieval", "module": "service", "message": "retrieval completed"}
{"timestamp": "2026-07-20T08:56:45.813957+00:00", "level": "INFO", "logger": "aicos.retrieval", "module": "service", "message": "retrieval completed"}
{"timestamp": "2026-07-20T08:56:45.814603+00:00", "level": "INFO", "logger": "aicos.retrieval", "module": "service", "message": "retrieval completed"}
{"timestamp": "2026-07-20T08:56:45.816615+00:00", "level": "INFO", "logger": "aicos.retrieval", "module": "service", "message": "retrieval completed"}
{"timestamp": "2026-07-20T09:01:37.845054+00:00", "level": "INFO", "logger": "aicos.rag.generation", "module": "generation", "message": "generation completed"}
{"timestamp": "2026-07-20T09:01:37.851314+00:00", "level": "INFO", "logger": "aicos.rag.generation", "module": "generation", "message": "generation completed"}
{"timestamp": "2026-07-20T09:01:37.851520+00:00", "level": "INFO", "logger": "aicos.rag", "module": "service", "message": "rag completed"}
{"timestamp": "2026-07-20T09:01:37.855023+00:00", "level": "INFO", "logger": "aicos.rag.generation", "module": "generation", "message": "generation completed"}
{"timestamp": "2026-07-20T09:01:37.855206+00:00", "level": "INFO", "logger": "aicos.rag", "module": "service", "message": "rag completed"}
{"timestamp": "2026-07-20T09:01:37.856423+00:00", "level": "INFO", "logger": "aicos.rag.generation", "module": "generation", "message": "generation completed"}
{"timestamp": "2026-07-20T09:01:37.856518+00:00", "level": "INFO", "logger": "aicos.rag", "module": "service", "message": "rag completed"}
{"timestamp": "2026-07-20T09:01:37.904237+00:00", "level": "INFO", "logger": "aicos.rag.generation", "module": "generation", "message": "generation completed"}
{"timestamp": "2026-07-20T09:01:37.904394+00:00", "level": "INFO", "logger": "aicos.rag", "module": "service", "message": "rag completed"}
{"timestamp": "2026-07-20T09:01:53.806259+00:00", "level": "INFO", "logger": "aicos.rag.generation", "module": "generation", "message": "generation completed"}
{"timestamp": "2026-07-20T09:01:53.813874+00:00", "level": "INFO", "logger": "aicos.rag.generation", "module": "generation", "message": "generation completed"}
{"timestamp": "2026-07-20T09:01:53.814033+00:00", "level": "INFO", "logger": "aicos.rag", "module": "service", "message": "rag completed"}
{"timestamp": "2026-07-20T09:01:53.817680+00:00", "level": "INFO", "logger": "aicos.rag.generation", "module": "generation", "message": "generation completed"}
{"timestamp": "2026-07-20T09:01:53.817806+00:00", "level": "INFO", "logger": "aicos.rag", "module": "service", "message": "rag completed"}
{"timestamp": "2026-07-20T09:01:53.819328+00:00", "level": "INFO", "logger": "aicos.rag.generation", "module": "generation", "message": "generation completed"}
{"timestamp": "2026-07-20T09:01:53.819461+00:00", "level": "INFO", "logger": "aicos.rag", "module": "service", "message": "rag completed"}
{"timestamp": "2026-07-20T09:01:53.822270+00:00", "level": "INFO", "logger": "aicos.rag.generation", "module": "generation", "message": "generation completed"}
{"timestamp": "2026-07-20T09:01:53.822635+00:00", "level": "INFO", "logger": "aicos.rag", "module": "service", "message": "rag completed"}
{"timestamp": "2026-07-20T09:01:53.824505+00:00", "level": "INFO", "logger": "aicos.rag.generation", "module": "generation", "message": "generation completed"}
{"timestamp": "2026-07-20T09:01:53.824611+00:00", "level": "INFO", "logger": "aicos.rag", "module": "service", "message": "rag completed"}
{"timestamp": "2026-07-20T09:01:59.113344+00:00", "level": "INFO", "logger": "aicos.rag.generation", "module": "generation", "message": "generation completed"}
{"timestamp": "2026-07-20T09:01:59.117626+00:00", "level": "INFO", "logger": "aicos.rag.generation", "module": "generation", "message": "generation completed"}
{"timestamp": "2026-07-20T09:01:59.117767+00:00", "level": "INFO", "logger": "aicos.rag", "module": "service", "message": "rag completed"}
{"timestamp": "2026-07-20T09:01:59.120811+00:00", "level": "INFO", "logger": "aicos.rag.generation", "module": "generation", "message": "generation completed"}
{"timestamp": "2026-07-20T09:01:59.120935+00:00", "level": "INFO", "logger": "aicos.rag", "module": "service", "message": "rag completed"}
{"timestamp": "2026-07-20T09:01:59.123261+00:00", "level": "INFO", "logger": "aicos.rag.generation", "module": "generation", "message": "generation completed"}
{"timestamp": "2026-07-20T09:01:59.123405+00:00", "level": "INFO", "logger": "aicos.rag", "module": "service", "message": "rag completed"}
{"timestamp": "2026-07-20T09:01:59.125961+00:00", "level": "INFO", "logger": "aicos.rag.generation", "module": "generation", "message": "generation completed"}
{"timestamp": "2026-07-20T09:01:59.126070+00:00", "level": "INFO", "logger": "aicos.rag", "module": "service", "message": "rag completed"}
{"timestamp": "2026-07-20T09:01:59.127231+00:00", "level": "INFO", "logger": "aicos.rag.generation", "module": "generation", "message": "generation completed"}
{"timestamp": "2026-07-20T09:01:59.127394+00:00", "level": "INFO", "logger": "aicos.rag", "module": "service", "message": "rag completed"}
{"timestamp": "2026-07-20T09:01:59.141637+00:00", "level": "INFO", "logger": "aicos.retrieval", "module": "service", "message": "retrieval completed"}
{"timestamp": "2026-07-20T09:01:59.142276+00:00", "level": "INFO", "logger": "aicos.retrieval", "module": "service", "message": "retrieval completed"}
{"timestamp": "2026-07-20T09:01:59.144690+00:00", "level": "INFO", "logger": "aicos.retrieval", "module": "service", "message": "retrieval completed"}
{"timestamp": "2026-07-20T09:01:59.145287+00:00", "level": "INFO", "logger": "aicos.retrieval", "module": "service", "message": "retrieval completed"}
{"timestamp": "2026-07-20T09:01:59.146013+00:00", "level": "INFO", "logger": "aicos.retrieval", "module": "service", "message": "retrieval completed"}
{"timestamp": "2026-07-20T09:01:59.147271+00:00", "level": "INFO", "logger": "aicos.retrieval", "module": "service", "message": "retrieval completed"}
{"timestamp": "2026-07-20T09:01:59.147858+00:00", "level": "INFO", "logger": "aicos.retrieval", "module": "service", "message": "retrieval completed"}
{"timestamp": "2026-07-20T09:01:59.148846+00:00", "level": "INFO", "logger": "aicos.retrieval", "module": "service", "message": "retrieval completed"}
{"timestamp": "2026-07-20T09:01:59.149453+00:00", "level": "INFO", "logger": "aicos.retrieval", "module": "service", "message": "retrieval completed"}
{"timestamp": "2026-07-20T09:01:59.150167+00:00", "level": "INFO", "logger": "aicos.retrieval", "module": "service", "message": "retrieval completed"}
{"timestamp": "2026-07-20T09:01:59.151049+00:00", "level": "INFO", "logger": "aicos.retrieval", "module": "service", "message": "retrieval completed"}
{"timestamp": "2026-07-20T09:01:59.151937+00:00", "level": "INFO", "logger": "aicos.retrieval", "module": "service", "message": "retrieval completed"}
{"timestamp": "2026-07-20T09:24:55.436790+00:00", "level": "WARNING", "logger": "aicos.career", "module": "service", "message": "profile validation failed"}
{"timestamp": "2026-07-20T09:24:55.439233+00:00", "level": "WARNING", "logger": "aicos.career", "module": "service", "message": "profile validation failed"}
{"timestamp": "2026-07-20T09:24:55.440300+00:00", "level": "WARNING", "logger": "aicos.career", "module": "service", "message": "profile validation failed"}
{"timestamp": "2026-07-20T09:24:55.441054+00:00", "level": "WARNING", "logger": "aicos.career", "module": "service", "message": "profile validation failed"}
{"timestamp": "2026-07-20T09:24:55.442532+00:00", "level": "WARNING", "logger": "aicos.career", "module": "service", "message": "blueprint validation failed"}
{"timestamp": "2026-07-20T09:24:55.445467+00:00", "level": "WARNING", "logger": "aicos.career", "module": "service", "message": "blueprint validation failed"}
{"timestamp": "2026-07-20T09:24:55.446236+00:00", "level": "WARNING", "logger": "aicos.career", "module": "service", "message": "blueprint validation failed"}
{"timestamp": "2026-07-20T09:24:55.448462+00:00", "level": "WARNING", "logger": "aicos.career", "module": "service", "message": "skill graph validation failed"}
{"timestamp": "2026-07-20T09:24:55.449533+00:00", "level": "WARNING", "logger": "aicos.career", "module": "service", "message": "skill graph validation failed"}
{"timestamp": "2026-07-20T09:24:55.450779+00:00", "level": "WARNING", "logger": "aicos.career", "module": "service", "message": "skill graph validation failed"}
{"timestamp": "2026-07-20T09:24:55.451511+00:00", "level": "WARNING", "logger": "aicos.career", "module": "service", "message": "skill graph validation failed"}
{"timestamp": "2026-07-20T09:24:55.455049+00:00", "level": "WARNING", "logger": "aicos.career", "module": "service", "message": "prerequisite chain validation failed"}
{"timestamp": "2026-07-20T09:24:55.455680+00:00", "level": "WARNING", "logger": "aicos.career", "module": "service", "message": "prerequisite chain validation failed"}
{"timestamp": "2026-07-20T09:24:55.456932+00:00", "level": "WARNING", "logger": "aicos.career", "module": "service", "message": "prerequisite chain validation failed"}
{"timestamp": "2026-07-20T09:24:55.462320+00:00", "level": "WARNING", "logger": "aicos.career", "module": "service", "message": "recommendation validation failed"}
{"timestamp": "2026-07-20T09:24:55.463082+00:00", "level": "WARNING", "logger": "aicos.career", "module": "service", "message": "recommendation validation failed"}
{"timestamp": "2026-07-20T09:24:55.466251+00:00", "level": "WARNING", "logger": "aicos.career", "module": "service", "message": "recommendation validation failed"}
{"timestamp": "2026-07-20T09:25:00.483877+00:00", "level": "WARNING", "logger": "aicos.career", "module": "service", "message": "profile validation failed"}
{"timestamp": "2026-07-20T09:25:00.487045+00:00", "level": "WARNING", "logger": "aicos.career", "module": "service", "message": "profile validation failed"}
{"timestamp": "2026-07-20T09:25:00.488310+00:00", "level": "WARNING", "logger": "aicos.career", "module": "service", "message": "profile validation failed"}
{"timestamp": "2026-07-20T09:25:00.489948+00:00", "level": "WARNING", "logger": "aicos.career", "module": "service", "message": "profile validation failed"}
{"timestamp": "2026-07-20T09:25:00.491545+00:00", "level": "WARNING", "logger": "aicos.career", "module": "service", "message": "blueprint validation failed"}
{"timestamp": "2026-07-20T09:25:00.492379+00:00", "level": "WARNING", "logger": "aicos.career", "module": "service", "message": "blueprint validation failed"}
{"timestamp": "2026-07-20T09:25:00.493117+00:00", "level": "WARNING", "logger": "aicos.career", "module": "service", "message": "blueprint validation failed"}
{"timestamp": "2026-07-20T09:25:00.495789+00:00", "level": "WARNING", "logger": "aicos.career", "module": "service", "message": "skill graph validation failed"}
{"timestamp": "2026-07-20T09:25:00.497378+00:00", "level": "WARNING", "logger": "aicos.career", "module": "service", "message": "skill graph validation failed"}
{"timestamp": "2026-07-20T09:25:00.498324+00:00", "level": "WARNING", "logger": "aicos.career", "module": "service", "message": "skill graph validation failed"}
{"timestamp": "2026-07-20T09:25:00.499123+00:00", "level": "WARNING", "logger": "aicos.career", "module": "service", "message": "skill graph validation failed"}
{"timestamp": "2026-07-20T09:25:00.502201+00:00", "level": "WARNING", "logger": "aicos.career", "module": "service", "message": "prerequisite chain validation failed"}
{"timestamp": "2026-07-20T09:25:00.502879+00:00", "level": "WARNING", "logger": "aicos.career", "module": "service", "message": "prerequisite chain validation failed"}
{"timestamp": "2026-07-20T09:25:00.503851+00:00", "level": "WARNING", "logger": "aicos.career", "module": "service", "message": "prerequisite chain validation failed"}
{"timestamp": "2026-07-20T09:25:00.513934+00:00", "level": "WARNING", "logger": "aicos.career", "module": "service", "message": "recommendation validation failed"}
{"timestamp": "2026-07-20T09:25:00.515871+00:00", "level": "WARNING", "logger": "aicos.career", "module": "service", "message": "recommendation validation failed"}
{"timestamp": "2026-07-20T09:25:00.517183+00:00", "level": "WARNING", "logger": "aicos.career", "module": "service", "message": "recommendation validation failed"}
{"timestamp": "2026-07-20T09:25:00.578227+00:00", "level": "INFO", "logger": "aicos.rag.generation", "module": "generation", "message": "generation completed"}
{"timestamp": "2026-07-20T09:25:00.589643+00:00", "level": "INFO", "logger": "aicos.rag.generation", "module": "generation", "message": "generation completed"}
{"timestamp": "2026-07-20T09:25:00.590136+00:00", "level": "INFO", "logger": "aicos.rag", "module": "service", "message": "rag completed"}
{"timestamp": "2026-07-20T09:25:00.599449+00:00", "level": "INFO", "logger": "aicos.rag.generation", "module": "generation", "message": "generation completed"}
{"timestamp": "2026-07-20T09:25:00.599785+00:00", "level": "INFO", "logger": "aicos.rag", "module": "service", "message": "rag completed"}
{"timestamp": "2026-07-20T09:25:00.602557+00:00", "level": "INFO", "logger": "aicos.rag.generation", "module": "generation", "message": "generation completed"}
{"timestamp": "2026-07-20T09:25:00.602804+00:00", "level": "INFO", "logger": "aicos.rag", "module": "service", "message": "rag completed"}
{"timestamp": "2026-07-20T09:25:00.607338+00:00", "level": "INFO", "logger": "aicos.rag.generation", "module": "generation", "message": "generation completed"}
{"timestamp": "2026-07-20T09:25:00.607514+00:00", "level": "INFO", "logger": "aicos.rag", "module": "service", "message": "rag completed"}
{"timestamp": "2026-07-20T09:25:00.609799+00:00", "level": "INFO", "logger": "aicos.rag.generation", "module": "generation", "message": "generation completed"}
{"timestamp": "2026-07-20T09:25:00.609958+00:00", "level": "INFO", "logger": "aicos.rag", "module": "service", "message": "rag completed"}
{"timestamp": "2026-07-20T09:25:00.632700+00:00", "level": "INFO", "logger": "aicos.retrieval", "module": "service", "message": "retrieval completed"}
{"timestamp": "2026-07-20T09:25:00.634528+00:00", "level": "INFO", "logger": "aicos.retrieval", "module": "service", "message": "retrieval completed"}
{"timestamp": "2026-07-20T09:25:00.638455+00:00", "level": "INFO", "logger": "aicos.retrieval", "module": "service", "message": "retrieval completed"}
{"timestamp": "2026-07-20T09:25:00.639666+00:00", "level": "INFO", "logger": "aicos.retrieval", "module": "service", "message": "retrieval completed"}
{"timestamp": "2026-07-20T09:25:00.640538+00:00", "level": "INFO", "logger": "aicos.retrieval", "module": "service", "message": "retrieval completed"}
{"timestamp": "2026-07-20T09:25:00.642120+00:00", "level": "INFO", "logger": "aicos.retrieval", "module": "service", "message": "retrieval completed"}
{"timestamp": "2026-07-20T09:25:00.642683+00:00", "level": "INFO", "logger": "aicos.retrieval", "module": "service", "message": "retrieval completed"}
{"timestamp": "2026-07-20T09:25:00.643317+00:00", "level": "INFO", "logger": "aicos.retrieval", "module": "service", "message": "retrieval completed"}
{"timestamp": "2026-07-20T09:25:00.644011+00:00", "level": "INFO", "logger": "aicos.retrieval", "module": "service", "message": "retrieval completed"}
{"timestamp": "2026-07-20T09:25:00.646927+00:00", "level": "INFO", "logger": "aicos.retrieval", "module": "service", "message": "retrieval completed"}
{"timestamp": "2026-07-20T09:25:00.647994+00:00", "level": "INFO", "logger": "aicos.retrieval", "module": "service", "message": "retrieval completed"}
{"timestamp": "2026-07-20T09:25:00.648802+00:00", "level": "INFO", "logger": "aicos.retrieval", "module": "service", "message": "retrieval completed"}
